mode: set
github.com/gitchander/heuristic/math/crygo/util.go:9.41,12.16 2 1
github.com/gitchander/heuristic/math/crygo/util.go:15.2,15.25 1 1
github.com/gitchander/heuristic/math/crygo/util.go:18.2,18.10 1 1
github.com/gitchander/heuristic/math/crygo/util.go:12.16,14.3 1 1
github.com/gitchander/heuristic/math/crygo/util.go:15.25,17.3 1 1
github.com/gitchander/heuristic/math/crygo/util.go:21.38,25.2 3 0
github.com/gitchander/heuristic/math/crygo/util.go:27.35,28.23 1 1
github.com/gitchander/heuristic/math/crygo/util.go:28.23,30.3 1 1
github.com/gitchander/heuristic/math/crygo/util.go:33.34,37.2 3 1
github.com/gitchander/heuristic/math/crygo/util.go:39.28,43.11 2 1
github.com/gitchander/heuristic/math/crygo/util.go:47.2,47.10 1 1
github.com/gitchander/heuristic/math/crygo/util.go:43.11,45.3 1 0
github.com/gitchander/heuristic/math/crygo/util.go:50.40,56.2 1 1
github.com/gitchander/heuristic/math/crygo/util.go:58.45,62.2 2 1
github.com/gitchander/heuristic/math/crygo/error.go:8.31,10.2 1 1
github.com/gitchander/heuristic/math/crygo/error.go:12.55,14.2 1 0
github.com/gitchander/heuristic/math/crygo/hash.go:15.44,21.2 1 1
github.com/gitchander/heuristic/math/crygo/hash.go:23.32,27.26 2 1
github.com/gitchander/heuristic/math/crygo/hash.go:31.2,32.19 2 1
github.com/gitchander/heuristic/math/crygo/hash.go:27.26,29.3 1 1
github.com/gitchander/heuristic/math/crygo/hash.go:35.62,37.19 1 1
github.com/gitchander/heuristic/math/crygo/hash.go:55.2,55.8 1 1
github.com/gitchander/heuristic/math/crygo/hash.go:37.19,39.37 1 1
github.com/gitchander/heuristic/math/crygo/hash.go:43.3,44.50 2 1
github.com/gitchander/heuristic/math/crygo/hash.go:48.3,52.13 4 1
github.com/gitchander/heuristic/math/crygo/hash.go:39.37,41.4 1 1
github.com/gitchander/heuristic/math/crygo/hash.go:44.50,46.4 1 1
github.com/gitchander/heuristic/math/crygo/hash.go:58.39,64.26 3 1
github.com/gitchander/heuristic/math/crygo/hash.go:68.2,68.13 1 1
github.com/gitchander/heuristic/math/crygo/hash.go:64.26,66.3 1 1
github.com/gitchander/heuristic/math/crygo/hash.go:71.43,75.2 2 1
github.com/gitchander/heuristic/math/crygo/hash.go:77.29,82.2 3 1
github.com/gitchander/heuristic/math/crygo/hash.go:84.32,87.2 1 0
github.com/gitchander/heuristic/math/crygo/hash.go:89.37,92.2 1 0
github.com/gitchander/heuristic/math/crygo/stream.go:19.77,23.22 2 1
github.com/gitchander/heuristic/math/crygo/stream.go:27.2,39.16 6 1
github.com/gitchander/heuristic/math/crygo/stream.go:23.22,25.3 1 0
github.com/gitchander/heuristic/math/crygo/stream.go:42.38,53.2 6 1
github.com/gitchander/heuristic/math/crygo/stream.go:55.57,57.19 1 1
github.com/gitchander/heuristic/math/crygo/stream.go:57.19,59.37 1 1
github.com/gitchander/heuristic/math/crygo/stream.go:63.3,67.21 4 1
github.com/gitchander/heuristic/math/crygo/stream.go:59.37,61.4 1 1
github.com/gitchander/heuristic/math/crygo/table.go:7.41,9.39 1 1
github.com/gitchander/heuristic/math/crygo/table.go:13.2,13.34 1 1
github.com/gitchander/heuristic/math/crygo/table.go:9.39,11.3 1 0
github.com/gitchander/heuristic/math/crygo/table.go:17.30,20.2 2 1
github.com/gitchander/heuristic/math/crygo/table.go:24.40,30.2 3 1
github.com/gitchander/heuristic/math/crygo/table.go:32.56,44.2 9 1
github.com/gitchander/heuristic/math/crygo/table.go:48.40,57.25 2 1
github.com/gitchander/heuristic/math/crygo/table.go:65.2,65.10 1 1
github.com/gitchander/heuristic/math/crygo/table.go:57.25,58.27 1 1
github.com/gitchander/heuristic/math/crygo/table.go:58.27,59.28 1 1
github.com/gitchander/heuristic/math/crygo/table.go:59.28,61.5 1 1
github.com/gitchander/heuristic/math/crygo/table.go:68.56,76.2 5 1
github.com/gitchander/heuristic/math/crygo/table.go:78.34,80.21 1 1
github.com/gitchander/heuristic/math/crygo/table.go:84.2,86.25 2 1
github.com/gitchander/heuristic/math/crygo/table.go:111.2,111.12 1 1
github.com/gitchander/heuristic/math/crygo/table.go:80.21,82.3 1 0
github.com/gitchander/heuristic/math/crygo/table.go:86.25,89.23 1 1
github.com/gitchander/heuristic/math/crygo/table.go:93.3,93.27 1 1
github.com/gitchander/heuristic/math/crygo/table.go:102.3,102.23 1 1
github.com/gitchander/heuristic/math/crygo/table.go:108.3,108.15 1 1
github.com/gitchander/heuristic/math/crygo/table.go:89.23,91.4 1 1
github.com/gitchander/heuristic/math/crygo/table.go:93.27,95.28 2 1
github.com/gitchander/heuristic/math/crygo/table.go:95.28,97.5 1 1
github.com/gitchander/heuristic/math/crygo/table.go:97.5,99.5 1 0
github.com/gitchander/heuristic/math/crygo/table.go:102.23,103.17 1 1
github.com/gitchander/heuristic/math/crygo/table.go:103.17,105.5 1 0
github.com/gitchander/heuristic/math/crygo/rand.go:19.25,21.2 1 1
github.com/gitchander/heuristic/math/crygo/rand.go:23.39,25.2 1 1
github.com/gitchander/heuristic/math/crygo/rand.go:27.43,29.2 1 1
github.com/gitchander/heuristic/math/crygo/rand.go:31.43,33.2 1 1
github.com/gitchander/heuristic/math/crygo/rand.go:35.50,40.13 3 1
github.com/gitchander/heuristic/math/crygo/rand.go:48.2,48.13 1 1
github.com/gitchander/heuristic/math/crygo/rand.go:40.13,42.28 2 1
github.com/gitchander/heuristic/math/crygo/rand.go:42.28,45.4 2 1
github.com/gitchander/heuristic/math/crygo/rand.go:48.13,50.28 2 1
github.com/gitchander/heuristic/math/crygo/rand.go:50.28,53.4 2 1
github.com/gitchander/heuristic/math/crygo/add.go:6.39,9.2 1 1
github.com/gitchander/heuristic/math/crygo/add.go:11.39,14.12 2 1
github.com/gitchander/heuristic/math/crygo/add.go:17.2,17.16 1 1
github.com/gitchander/heuristic/math/crygo/add.go:14.12,16.3 1 1
github.com/gitchander/heuristic/math/crygo/add.go:20.39,27.2 4 1
github.com/gitchander/heuristic/math/crygo/add.go:29.38,37.14 5 1
github.com/gitchander/heuristic/math/crygo/add.go:41.2,41.14 1 1
github.com/gitchander/heuristic/math/crygo/add.go:45.2,45.12 1 1
github.com/gitchander/heuristic/math/crygo/add.go:37.14,39.3 1 0
github.com/gitchander/heuristic/math/crygo/add.go:41.14,43.3 1 0
github.com/gitchander/heuristic/math/crygo/add.go:49.38,52.12 2 1
github.com/gitchander/heuristic/math/crygo/add.go:55.2,55.16 1 1
github.com/gitchander/heuristic/math/crygo/add.go:52.12,54.3 1 1
github.com/gitchander/heuristic/math/crygo/add.go:58.45,61.19 2 1
github.com/gitchander/heuristic/math/crygo/add.go:65.2,65.34 1 1
github.com/gitchander/heuristic/math/crygo/add.go:61.19,63.3 1 1
github.com/gitchander/heuristic/math/crygo/add.go:69.44,76.2 4 0
github.com/gitchander/heuristic/math/crygo/add.go:78.40,83.14 3 1
github.com/gitchander/heuristic/math/crygo/add.go:87.2,87.12 1 1
github.com/gitchander/heuristic/math/crygo/add.go:83.14,85.3 1 0
github.com/gitchander/heuristic/math/crygo/base.go:8.46,17.2 6 1
github.com/gitchander/heuristic/math/crygo/base.go:19.48,21.25 1 1
github.com/gitchander/heuristic/math/crygo/base.go:26.2,26.25 1 1
github.com/gitchander/heuristic/math/crygo/base.go:30.2,30.25 1 1
github.com/gitchander/heuristic/math/crygo/base.go:21.25,22.26 1 1
github.com/gitchander/heuristic/math/crygo/base.go:22.26,24.4 1 1
github.com/gitchander/heuristic/math/crygo/base.go:26.25,28.3 1 1
github.com/gitchander/heuristic/math/crygo/base.go:33.48,35.25 1 1
github.com/gitchander/heuristic/math/crygo/base.go:38.2,38.25 1 1
github.com/gitchander/heuristic/math/crygo/base.go:44.2,44.25 1 1
github.com/gitchander/heuristic/math/crygo/base.go:35.25,37.3 1 1
github.com/gitchander/heuristic/math/crygo/base.go:38.25,39.26 1 1
github.com/gitchander/heuristic/math/crygo/base.go:39.26,41.4 1 1
github.com/gitchander/heuristic/math/crygo/base.go:47.58,52.2 3 1
github.com/gitchander/heuristic/math/crygo/base.go:54.58,59.2 3 1
github.com/gitchander/heuristic/math/crygo/block.go:14.64,16.25 1 1
github.com/gitchander/heuristic/math/crygo/block.go:20.2,21.23 2 1
github.com/gitchander/heuristic/math/crygo/block.go:25.2,28.8 1 1
github.com/gitchander/heuristic/math/crygo/block.go:16.25,18.3 1 0
github.com/gitchander/heuristic/math/crygo/block.go:21.23,23.3 1 1
github.com/gitchander/heuristic/math/crygo/block.go:31.42,33.2 1 1
github.com/gitchander/heuristic/math/crygo/block.go:35.51,37.26 1 1
github.com/gitchander/heuristic/math/crygo/block.go:41.2,41.26 1 1
github.com/gitchander/heuristic/math/crygo/block.go:45.2,45.40 1 1
github.com/gitchander/heuristic/math/crygo/block.go:37.26,39.3 1 0
github.com/gitchander/heuristic/math/crygo/block.go:41.26,43.3 1 0
github.com/gitchander/heuristic/math/crygo/block.go:48.51,50.26 1 1
github.com/gitchander/heuristic/math/crygo/block.go:54.2,54.26 1 1
github.com/gitchander/heuristic/math/crygo/block.go:58.2,58.40 1 1
github.com/gitchander/heuristic/math/crygo/block.go:50.26,52.3 1 0
github.com/gitchander/heuristic/math/crygo/block.go:54.26,56.3 1 0
github.com/gitchander/heuristic/math/crygo/cfb.go:9.68,11.2 1 1
github.com/gitchander/heuristic/math/crygo/cfb.go:13.68,15.2 1 1
github.com/gitchander/heuristic/math/crygo/cfb.go:25.79,29.27 2 1
github.com/gitchander/heuristic/math/crygo/cfb.go:33.2,41.3 3 1
github.com/gitchander/heuristic/math/crygo/cfb.go:29.27,31.3 1 0
github.com/gitchander/heuristic/math/crygo/cfb.go:44.48,46.19 1 1
github.com/gitchander/heuristic/math/crygo/cfb.go:46.19,48.37 1 1
github.com/gitchander/heuristic/math/crygo/cfb.go:53.3,55.19 2 1
github.com/gitchander/heuristic/math/crygo/cfb.go:61.3,63.21 3 1
github.com/gitchander/heuristic/math/crygo/cfb.go:48.37,51.4 2 1
github.com/gitchander/heuristic/math/crygo/cfb.go:55.19,57.4 1 1
github.com/gitchander/heuristic/math/crygo/cfb.go:57.4,59.4 1 1
